<?xml version="1.0" encoding="UTF-8"?>
<testng-results total="2" passed="2" failed="0" skipped="0">
  <reporter-output>
  </reporter-output>
  <suite started-at="2023-11-28T20:02:48Z" name="test.com.iryna.StudentTest" finished-at="2023-11-28T20:02:48Z" duration-ms="36">
    <groups>
    </groups>
    <test started-at="2023-11-28T20:02:48Z" name="Command line test" finished-at="2023-11-28T20:02:48Z" duration-ms="36">
      <class name="test.com.iryna.StudentTest">
        <test-method is-config="true" signature="setUpClass()[pri:0, instance:test.com.iryna.StudentTest@3646a422]" started-at="2023-11-28T14:02:48Z" name="setUpClass" finished-at="2023-11-28T14:02:48Z" duration-ms="17" status="PASS">
          <reporter-output>
          </reporter-output>
        </test-method> <!-- setUpClass -->
        <test-method is-config="true" signature="setUpMethod()[pri:0, instance:test.com.iryna.StudentTest@3646a422]" started-at="2023-11-28T14:02:48Z" name="setUpMethod" finished-at="2023-11-28T14:02:48Z" duration-ms="3" status="PASS">
          <reporter-output>
          </reporter-output>
        </test-method> <!-- setUpMethod -->
        <test-method signature="testGradeFail()[pri:0, instance:test.com.iryna.StudentTest@3646a422]" started-at="2023-11-28T14:02:48Z" name="testGradeFail" finished-at="2023-11-28T14:02:48Z" duration-ms="5" status="PASS">
          <reporter-output>
          </reporter-output>
        </test-method> <!-- testGradeFail -->
        <test-method is-config="true" signature="setUpMethod()[pri:0, instance:test.com.iryna.StudentTest@3646a422]" started-at="2023-11-28T14:02:48Z" name="setUpMethod" finished-at="2023-11-28T14:02:48Z" duration-ms="0" status="PASS">
          <reporter-output>
          </reporter-output>
        </test-method> <!-- setUpMethod -->
        <test-method is-config="true" signature="tearDownMethod()[pri:0, instance:test.com.iryna.StudentTest@3646a422]" started-at="2023-11-28T14:02:48Z" name="tearDownMethod" finished-at="2023-11-28T14:02:48Z" duration-ms="0" status="PASS">
          <reporter-output>
          </reporter-output>
        </test-method> <!-- tearDownMethod -->
        <test-method signature="testGradePass()[pri:0, instance:test.com.iryna.StudentTest@3646a422]" started-at="2023-11-28T14:02:48Z" name="testGradePass" finished-at="2023-11-28T14:02:48Z" duration-ms="1" status="PASS">
          <reporter-output>
          </reporter-output>
        </test-method> <!-- testGradePass -->
        <test-method is-config="true" signature="tearDownMethod()[pri:0, instance:test.com.iryna.StudentTest@3646a422]" started-at="2023-11-28T14:02:48Z" name="tearDownMethod" finished-at="2023-11-28T14:02:48Z" duration-ms="0" status="PASS">
          <reporter-output>
          </reporter-output>
        </test-method> <!-- tearDownMethod -->
        <test-method is-config="true" signature="tearDownClass()[pri:0, instance:test.com.iryna.StudentTest@3646a422]" started-at="2023-11-28T14:02:48Z" name="tearDownClass" finished-at="2023-11-28T14:02:48Z" duration-ms="0" status="PASS">
          <reporter-output>
          </reporter-output>
        </test-method> <!-- tearDownClass -->
      </class> <!-- test.com.iryna.StudentTest -->
    </test> <!-- Command line test -->
  </suite> <!-- test.com.iryna.StudentTest -->
</testng-results>
