<?xml version="1.0" encoding="UTF-8"?>
<!-- Generated by org.testng.reporters.JUnitXMLReporter -->
<testsuite hostname="DESKTOP-5HS7ID6" failures="0" tests="10" name="Command line test" time="0.062" errors="0" timestamp="8 Dec 2023 22:42:37 GMT">
  <testcase classname="test.bankproject.iryna.AccountTest" name="testAcctNum" time="0.0"/>
  <testcase classname="test.bankproject.iryna.AccountTest" name="testAcctType" time="0.0"/>
  <testcase classname="test.bankproject.iryna.AccountTest" name="testBallance" time="0.0"/>
  <testcase classname="test.bankproject.iryna.AccountTest" name="testCusId" time="0.0"/>
  <testcase classname="test.bankproject.iryna.BankTest" name="testBank" time="0.031"/>
  <testcase classname="test.bankproject.iryna.ContractorEmployeeTest" name="ContrEmplTest" time="0.0"/>
  <testcase classname="test.bankproject.iryna.CustomerTest" name="testAccount" time="0.0"/>
  <testcase classname="test.bankproject.iryna.CustomerTest" name="testCustomer" time="0.0"/>
  <testcase classname="test.bankproject.iryna.EmployeeTest" name="testEmployee" time="0.0"/>
  <testcase classname="test.bankproject.iryna.FullTimeEmployeeTest" name="FullTimeEmplTest" time="0.0"/>
</testsuite> <!-- Command line test -->
