<?xml version="1.0" encoding="UTF-8"?>
<testng-results total="1" passed="1" failed="0" skipped="0">
  <reporter-output>
  </reporter-output>
  <suite started-at="2024-01-06T19:07:08Z" name="SampleTest" finished-at="2024-01-06T19:08:02Z" duration-ms="53433">
    <groups>
    </groups>
    <test started-at="2024-01-06T19:07:08Z" name="Command line test" finished-at="2024-01-06T19:08:02Z" duration-ms="53433">
      <class name="SampleTest">
        <test-method is-config="true" signature="setUpClass()[pri:0, instance:SampleTest@687080dc]" started-at="2024-01-06T13:07:08Z" name="setUpClass" finished-at="2024-01-06T13:07:08Z" duration-ms="4" status="PASS">
          <reporter-output>
          </reporter-output>
        </test-method> <!-- setUpClass -->
        <test-method is-config="true" signature="setUpMethod()[pri:0, instance:SampleTest@687080dc]" started-at="2024-01-06T13:07:08Z" name="setUpMethod" finished-at="2024-01-06T13:07:09Z" duration-ms="910" status="PASS">
          <reporter-output>
          </reporter-output>
        </test-method> <!-- setUpMethod -->
        <test-method signature="testIndeed()[pri:0, instance:SampleTest@687080dc]" started-at="2024-01-06T13:07:09Z" name="testIndeed" finished-at="2024-01-06T13:08:01Z" duration-ms="52108" status="PASS">
          <reporter-output>
          </reporter-output>
        </test-method> <!-- testIndeed -->
        <test-method is-config="true" signature="tearDownMethod()[pri:0, instance:SampleTest@687080dc]" started-at="2024-01-06T13:08:01Z" name="tearDownMethod" finished-at="2024-01-06T13:08:02Z" duration-ms="408" status="PASS">
          <reporter-output>
          </reporter-output>
        </test-method> <!-- tearDownMethod -->
        <test-method is-config="true" signature="tearDownClass()[pri:0, instance:SampleTest@687080dc]" started-at="2024-01-06T13:08:02Z" name="tearDownClass" finished-at="2024-01-06T13:08:02Z" duration-ms="0" status="PASS">
          <reporter-output>
          </reporter-output>
        </test-method> <!-- tearDownClass -->
      </class> <!-- SampleTest -->
    </test> <!-- Command line test -->
  </suite> <!-- SampleTest -->
</testng-results>
