<?xml version="1.0" encoding="UTF-8"?>
<!-- Generated by org.testng.reporters.JUnitXMLReporter -->
<testsuite hostname="DESKTOP-0C2R2QC" failures="0" tests="5" name="Command line test" time="0.008" errors="0" timestamp="6 Jan 2024 18:02:07 GMT">
  <testcase classname="DataTest" name="add" time="0.003"/>
  <testcase classname="DataTest" name="add" time="0.0"/>
  <testcase classname="DataTest" name="add" time="0.0"/>
  <testcase classname="DataTest" name="squre" time="0.0"/>
  <testcase classname="DataTest" name="squre" time="0.0"/>
</testsuite> <!-- Command line test -->
