<?xml version="1.0" encoding="UTF-8"?>
<testng-results total="1" passed="1" failed="0" skipped="0">
  <reporter-output>
  </reporter-output>
  <suite started-at="2024-01-27T01:37:35Z" name="my.test.proj.MYSeleniumProj1Test" finished-at="2024-01-27T01:37:38Z" duration-ms="2195">
    <groups>
    </groups>
    <test started-at="2024-01-27T01:37:35Z" name="Command line test" finished-at="2024-01-27T01:37:38Z" duration-ms="2195">
      <class name="my.test.proj.MYSeleniumProj1Test">
        <test-method is-config="true" signature="setUpClass()[pri:0, instance:my.test.proj.MYSeleniumProj1Test@23d2a7e8]" started-at="2024-01-26T19:37:35Z" name="setUpClass" finished-at="2024-01-26T19:37:35Z" duration-ms="4" status="PASS">
          <reporter-output>
          </reporter-output>
        </test-method> <!-- setUpClass -->
        <test-method is-config="true" signature="setUpMethod()[pri:0, instance:my.test.proj.MYSeleniumProj1Test@23d2a7e8]" started-at="2024-01-26T19:37:35Z" name="setUpMethod" finished-at="2024-01-26T19:37:36Z" duration-ms="1009" status="PASS">
          <reporter-output>
          </reporter-output>
        </test-method> <!-- setUpMethod -->
        <test-method signature="testFacebook()[pri:0, instance:my.test.proj.MYSeleniumProj1Test@23d2a7e8]" started-at="2024-01-26T19:37:36Z" name="testFacebook" finished-at="2024-01-26T19:37:38Z" duration-ms="1178" status="PASS">
          <reporter-output>
          </reporter-output>
        </test-method> <!-- testFacebook -->
        <test-method is-config="true" signature="tearDownMethod()[pri:0, instance:my.test.proj.MYSeleniumProj1Test@23d2a7e8]" started-at="2024-01-26T19:37:38Z" name="tearDownMethod" finished-at="2024-01-26T19:37:38Z" duration-ms="0" status="PASS">
          <reporter-output>
          </reporter-output>
        </test-method> <!-- tearDownMethod -->
        <test-method is-config="true" signature="tearDownClass()[pri:0, instance:my.test.proj.MYSeleniumProj1Test@23d2a7e8]" started-at="2024-01-26T19:37:38Z" name="tearDownClass" finished-at="2024-01-26T19:37:38Z" duration-ms="0" status="PASS">
          <reporter-output>
          </reporter-output>
        </test-method> <!-- tearDownClass -->
      </class> <!-- my.test.proj.MYSeleniumProj1Test -->
    </test> <!-- Command line test -->
  </suite> <!-- my.test.proj.MYSeleniumProj1Test -->
</testng-results>
