<?xml version="1.0" encoding="UTF-8"?>
<testng-results total="3" passed="3" failed="0" skipped="0">
  <reporter-output>
  </reporter-output>
  <suite started-at="2023-12-03T19:32:51Z" name="Command line suite" finished-at="2023-12-03T19:32:51Z" duration-ms="31">
    <groups>
    </groups>
    <test started-at="2023-12-03T19:32:51Z" name="Command line test" finished-at="2023-12-03T19:32:51Z" duration-ms="31">
      <class name="test.com.irexprt.CustomerTest">
        <test-method is-config="true" signature="setUpClass()[pri:0, instance:test.com.irexprt.CustomerTest@644baf4a]" started-at="2023-12-03T13:32:51Z" name="setUpClass" finished-at="2023-12-03T13:32:51Z" duration-ms="0" status="PASS">
          <reporter-output>
          </reporter-output>
        </test-method> <!-- setUpClass -->
        <test-method is-config="true" signature="setUpMethod()[pri:0, instance:test.com.irexprt.CustomerTest@644baf4a]" started-at="2023-12-03T13:32:51Z" name="setUpMethod" finished-at="2023-12-03T13:32:51Z" duration-ms="0" status="PASS">
          <reporter-output>
          </reporter-output>
        </test-method> <!-- setUpMethod -->
        <test-method signature="testAccount()[pri:0, instance:test.com.irexprt.CustomerTest@644baf4a]" started-at="2023-12-03T13:32:51Z" name="testAccount" finished-at="2023-12-03T13:32:51Z" duration-ms="0" status="PASS">
          <reporter-output>
          </reporter-output>
        </test-method> <!-- testAccount -->
        <test-method is-config="true" signature="tearDownMethod()[pri:0, instance:test.com.irexprt.CustomerTest@644baf4a]" started-at="2023-12-03T13:32:51Z" name="tearDownMethod" finished-at="2023-12-03T13:32:51Z" duration-ms="0" status="PASS">
          <reporter-output>
          </reporter-output>
        </test-method> <!-- tearDownMethod -->
        <test-method is-config="true" signature="tearDownClass()[pri:0, instance:test.com.irexprt.CustomerTest@644baf4a]" started-at="2023-12-03T13:32:51Z" name="tearDownClass" finished-at="2023-12-03T13:32:51Z" duration-ms="0" status="PASS">
          <reporter-output>
          </reporter-output>
        </test-method> <!-- tearDownClass -->
      </class> <!-- test.com.irexprt.CustomerTest -->
      <class name="test.com.irexprt.AccountTest">
        <test-method is-config="true" signature="setUpClass()[pri:0, instance:test.com.irexprt.AccountTest@235ecd9f]" started-at="2023-12-03T13:32:51Z" name="setUpClass" finished-at="2023-12-03T13:32:51Z" duration-ms="15" status="PASS">
          <reporter-output>
          </reporter-output>
        </test-method> <!-- setUpClass -->
        <test-method signature="testBallance()[pri:0, instance:test.com.irexprt.AccountTest@235ecd9f]" started-at="2023-12-03T13:32:51Z" name="testBallance" finished-at="2023-12-03T13:32:51Z" duration-ms="5" status="PASS">
          <reporter-output>
          </reporter-output>
        </test-method> <!-- testBallance -->
        <test-method is-config="true" signature="setUpMethod()[pri:0, instance:test.com.irexprt.AccountTest@235ecd9f]" started-at="2023-12-03T13:32:51Z" name="setUpMethod" finished-at="2023-12-03T13:32:51Z" duration-ms="0" status="PASS">
          <reporter-output>
          </reporter-output>
        </test-method> <!-- setUpMethod -->
        <test-method is-config="true" signature="setUpMethod()[pri:0, instance:test.com.irexprt.AccountTest@235ecd9f]" started-at="2023-12-03T13:32:51Z" name="setUpMethod" finished-at="2023-12-03T13:32:51Z" duration-ms="0" status="PASS">
          <reporter-output>
          </reporter-output>
        </test-method> <!-- setUpMethod -->
        <test-method signature="testType()[pri:0, instance:test.com.irexprt.AccountTest@235ecd9f]" started-at="2023-12-03T13:32:51Z" name="testType" finished-at="2023-12-03T13:32:51Z" duration-ms="0" status="PASS">
          <reporter-output>
          </reporter-output>
        </test-method> <!-- testType -->
        <test-method is-config="true" signature="tearDownMethod()[pri:0, instance:test.com.irexprt.AccountTest@235ecd9f]" started-at="2023-12-03T13:32:51Z" name="tearDownMethod" finished-at="2023-12-03T13:32:51Z" duration-ms="0" status="PASS">
          <reporter-output>
          </reporter-output>
        </test-method> <!-- tearDownMethod -->
        <test-method is-config="true" signature="tearDownMethod()[pri:0, instance:test.com.irexprt.AccountTest@235ecd9f]" started-at="2023-12-03T13:32:51Z" name="tearDownMethod" finished-at="2023-12-03T13:32:51Z" duration-ms="0" status="PASS">
          <reporter-output>
          </reporter-output>
        </test-method> <!-- tearDownMethod -->
        <test-method is-config="true" signature="tearDownClass()[pri:0, instance:test.com.irexprt.AccountTest@235ecd9f]" started-at="2023-12-03T13:32:51Z" name="tearDownClass" finished-at="2023-12-03T13:32:51Z" duration-ms="0" status="PASS">
          <reporter-output>
          </reporter-output>
        </test-method> <!-- tearDownClass -->
      </class> <!-- test.com.irexprt.AccountTest -->
    </test> <!-- Command line test -->
  </suite> <!-- Command line suite -->
</testng-results>
