<?xml version="1.0" encoding="UTF-8"?>
<!-- Generated by org.testng.reporters.JUnitXMLReporter -->
<testsuite hostname="DESKTOP-5HS7ID6" failures="0" tests="3" name="Command line test" time="0.031" errors="0" timestamp="3 Dec 2023 19:32:51 GMT">
  <testcase classname="test.com.irexprt.AccountTest" name="testBallance" time="0.005"/>
  <testcase classname="test.com.irexprt.AccountTest" name="testType" time="0.0"/>
  <testcase classname="test.com.irexprt.CustomerTest" name="testAccount" time="0.0"/>
</testsuite> <!-- Command line test -->
